#
# There is insufficient memory for the Java Runtime Environment to continue.
# Native memory allocation (mmap) failed to map 65536 bytes for Failed to commit metaspace.
# Possible reasons:
#   The system is out of physical RAM or swap space
#   The process is running with CompressedOops enabled, and the Java Heap may be blocking the growth of the native heap
# Possible solutions:
#   Reduce memory load on the system
#   Increase physical memory or swap space
#   Check if swap backing store is full
#   Decrease Java heap size (-Xmx/-Xms)
#
#  Out of Memory Error, pid=16420# Java VM: Java HotSpot(TM) 64-Bit Server VM (19+36-2238, mixed mode, sharing, tiered, compressed oops, compressed class ptrs, g1 gc, windows-amd64)
# No core dump will be written. Minidumps are not enabled by default on client versions of Windows
#

---------------  S U M M A R Y ------------

Command Line: -javaagent:C:\Program Files\JetBrains\IntelliJ IDEA Community Edition 2022.2.3\lib\idea_rt.jar=60091:C:\Program Files\JetBrains\IntelliJ IDEA Community Edition 2022.2.3\bin -Dfile.encoding=UTF-8 -Dsun.stdout.encoding=UTF-8 -Dsun.stderr.encoding=UTF-8 com.example.DealerDashboard.DealerDashboardApplication

Host: 11th Gen Intel(R) Core(TM) i5-1135G7 @ 2.40GHz, 8 cores, 15G,  Windows 11 , 64 bit Build 22000 (10.0.22000.708)
Time: Tue May 16 17:28:32 2023 India Standard Time elapsed time: 201.119414 seconds (0d 0h 3m 21s)

---------------  T H R E A D  ---------------

Current thread (0x0000024274020090):  JavaThread "C1 CompilerThread0" daemon [_thread_in_vm, id=32308, stack(0x0000008b82900000,0x0000008b82a00000)]


Current CompileTask:
C1: 201120 5222   !   3       org.apache.tomcat.util.net.NioEndpoint$Poller::events (266 bytes)

Stack: [0x0000008b82900000,0x0000008b82a00000]
Native frames: (J=compiled Java code, j=interpreted, Vv=VM code, C=native code)
V  [jvm.dll+0x6ee8fa]
V  [jvm.dll+0x857a1e]
V  [jvm.dll+0x85940e]
V  [jvm.dll+0x859ac3]
V  [jvm.dll+0x28291f]
V  [jvm.dll+0x85369b]
V  [jvm.dll+0x693276]
V  [jvm.dll+0x1f29b7]
V  [jvm.dll+0x695cb2]
V  [jvm.dll+0x695a9e]
V  [jvm.dll+0x693c9e]
V  [jvm.dll+0x6a557a]
V  [jvm.dll+0x69e54a]
V  [jvm.dll+0x2002f0]
V  [jvm.dll+0x2004d8]
V  [jvm.dll+0x160f1e]
V  [jvm.dll+0x161278]
V  [jvm.dll+0x1606d6]
V  [jvm.dll+0x1623cd]
V  [jvm.dll+0x25b0fa]
V  [jvm.dll+0x259588]
V  [jvm.dll+0x807928]
V  [jvm.dll+0x8015fa]
V  [jvm.dll+0x6ed5eb]
C  [ucrtbase.dll+0x26c0c]
C  [KERNEL32.dll+0x154e0]
C  [ntdll.dll+0x485b]


---------------  P R O C E S S  ---------------

Threads class SMR info:
_java_thread_list=0x0000024278462ff0, length=29, elements={
0x000002426f730cb0, 0x000002426f7315e0, 0x000002426f7347c0, 0x000002426f7350f0,
0x000002426f735a20, 0x000002426f736350, 0x000002426f73d8d0, 0x0000024274020090,
0x0000024274028600, 0x000002427411d9e0, 0x000002427430afe0, 0x000002427538bf50,
0x000002427553a170, 0x000002427553a6b0, 0x0000024276bacf10, 0x000002427635d060,
0x000002427635f040, 0x000002427635cb10, 0x000002427635f590, 0x000002427635d5b0,
0x000002427635db00, 0x000002427635fae0, 0x000002427635e050, 0x000002427635e5a0,
0x000002427635eaf0, 0x00000242763a4340, 0x00000242763a7310, 0x00000242763a8da0,
0x00000242763a5330
}

Java Threads: ( => current thread )
  0x000002426f730cb0 JavaThread "Reference Handler" daemon [_thread_blocked, id=7300, stack(0x0000008b82200000,0x0000008b82300000)]
  0x000002426f7315e0 JavaThread "Finalizer" daemon [_thread_blocked, id=964, stack(0x0000008b82300000,0x0000008b82400000)]
  0x000002426f7347c0 JavaThread "Signal Dispatcher" daemon [_thread_blocked, id=29612, stack(0x0000008b82400000,0x0000008b82500000)]
  0x000002426f7350f0 JavaThread "Attach Listener" daemon [_thread_blocked, id=34212, stack(0x0000008b82500000,0x0000008b82600000)]
  0x000002426f735a20 JavaThread "Service Thread" daemon [_thread_blocked, id=26448, stack(0x0000008b82600000,0x0000008b82700000)]
  0x000002426f736350 JavaThread "Monitor Deflation Thread" daemon [_thread_blocked, id=30404, stack(0x0000008b82700000,0x0000008b82800000)]
  0x000002426f73d8d0 JavaThread "C2 CompilerThread0" daemon [_thread_blocked, id=25480, stack(0x0000008b82800000,0x0000008b82900000)]
=>0x0000024274020090 JavaThread "C1 CompilerThread0" daemon [_thread_in_vm, id=32308, stack(0x0000008b82900000,0x0000008b82a00000)]
  0x0000024274028600 JavaThread "Sweeper thread" daemon [_thread_blocked, id=21588, stack(0x0000008b82a00000,0x0000008b82b00000)]
  0x000002427411d9e0 JavaThread "Common-Cleaner" daemon [_thread_blocked, id=23956, stack(0x0000008b82b00000,0x0000008b82c00000)]
  0x000002427430afe0 JavaThread "Notification Thread" daemon [_thread_blocked, id=24940, stack(0x0000008b82e00000,0x0000008b82f00000)]
  0x000002427538bf50 JavaThread "Catalina-utility-1" [_thread_blocked, id=21508, stack(0x0000008b83800000,0x0000008b83900000)]
  0x000002427553a170 JavaThread "Catalina-utility-2" [_thread_blocked, id=15772, stack(0x0000008b83900000,0x0000008b83a00000)]
  0x000002427553a6b0 JavaThread "container-0" [_thread_blocked, id=22628, stack(0x0000008b83a00000,0x0000008b83b00000)]
  0x0000024276bacf10 JavaThread "mysql-cj-abandoned-connection-cleanup" daemon [_thread_blocked, id=27640, stack(0x0000008b83b00000,0x0000008b83c00000)]
  0x000002427635d060 JavaThread "HikariPool-1 housekeeper" daemon [_thread_blocked, id=30888, stack(0x0000008b83d00000,0x0000008b83e00000)]
  0x000002427635f040 JavaThread "http-nio-8081-exec-1" daemon [_thread_blocked, id=13004, stack(0x0000008b84000000,0x0000008b84100000)]
  0x000002427635cb10 JavaThread "http-nio-8081-exec-2" daemon [_thread_blocked, id=33212, stack(0x0000008b84100000,0x0000008b84200000)]
  0x000002427635f590 JavaThread "http-nio-8081-exec-3" daemon [_thread_blocked, id=15212, stack(0x0000008b84200000,0x0000008b84300000)]
  0x000002427635d5b0 JavaThread "http-nio-8081-exec-4" daemon [_thread_blocked, id=30260, stack(0x0000008b84300000,0x0000008b84400000)]
  0x000002427635db00 JavaThread "http-nio-8081-exec-5" daemon [_thread_blocked, id=4164, stack(0x0000008b84400000,0x0000008b84500000)]
  0x000002427635fae0 JavaThread "http-nio-8081-exec-6" daemon [_thread_blocked, id=4780, stack(0x0000008b84500000,0x0000008b84600000)]
  0x000002427635e050 JavaThread "http-nio-8081-exec-7" daemon [_thread_blocked, id=6708, stack(0x0000008b84600000,0x0000008b84700000)]
  0x000002427635e5a0 JavaThread "http-nio-8081-exec-8" daemon [_thread_blocked, id=1468, stack(0x0000008b84700000,0x0000008b84800000)]
  0x000002427635eaf0 JavaThread "http-nio-8081-exec-9" daemon [_thread_blocked, id=18112, stack(0x0000008b84800000,0x0000008b84900000)]
  0x00000242763a4340 JavaThread "http-nio-8081-exec-10" daemon [_thread_blocked, id=31036, stack(0x0000008b84900000,0x0000008b84a00000)]
  0x00000242763a7310 JavaThread "http-nio-8081-Poller" daemon [_thread_in_native, id=33668, stack(0x0000008b84a00000,0x0000008b84b00000)]
  0x00000242763a8da0 JavaThread "http-nio-8081-Acceptor" daemon [_thread_in_native, id=13788, stack(0x0000008b84b00000,0x0000008b84c00000)]
  0x00000242763a5330 JavaThread "DestroyJavaVM" [_thread_blocked, id=13564, stack(0x0000008b81b00000,0x0000008b81c00000)]

Other Threads:
  0x000002426f713770 VMThread "VM Thread" [stack: 0x0000008b82100000,0x0000008b82200000] [id=23088]
  0x00000242742c1d10 WatcherThread "VM Periodic Task Thread" [stack: 0x0000008b82f00000,0x0000008b83000000] [id=27228]
  0x000002424abd2270 WorkerThread "GC Thread#0" [stack: 0x0000008b81c00000,0x0000008b81d00000] [id=30428]
  0x0000024274ba34a0 WorkerThread "GC Thread#1" [stack: 0x0000008b83000000,0x0000008b83100000] [id=35328]
  0x0000024274ba3770 WorkerThread "GC Thread#2" [stack: 0x0000008b83100000,0x0000008b83200000] [id=15856]
  0x0000024274ba5f00 WorkerThread "GC Thread#3" [stack: 0x0000008b83200000,0x0000008b83300000] [id=35104]
  0x0000024274ba61d0 WorkerThread "GC Thread#4" [stack: 0x0000008b83300000,0x0000008b83400000] [id=7408]
  0x0000024274ba64a0 WorkerThread "GC Thread#5" [stack: 0x0000008b83400000,0x0000008b83500000] [id=11084]
  0x0000024274b559b0 WorkerThread "GC Thread#6" [stack: 0x0000008b83600000,0x0000008b83700000] [id=1224]
  0x0000024274b548d0 WorkerThread "GC Thread#7" [stack: 0x0000008b83700000,0x0000008b83800000] [id=19324]
  0x000002424abe2eb0 ConcurrentGCThread "G1 Main Marker" [stack: 0x0000008b81d00000,0x0000008b81e00000] [id=13608]
  0x000002424abe3e90 WorkerThread "G1 Conc#0" [stack: 0x0000008b81e00000,0x0000008b81f00000] [id=2688]
  0x0000024274b54060 WorkerThread "G1 Conc#1" [stack: 0x0000008b83500000,0x0000008b83600000] [id=31440]
  0x000002426f5cd430 ConcurrentGCThread "G1 Refine#0" [stack: 0x0000008b81f00000,0x0000008b82000000] [id=12096]
  0x000002426f5cec30 ConcurrentGCThread "G1 Service" [stack: 0x0000008b82000000,0x0000008b82100000] [id=34496]

Threads with active compile tasks:
C1 CompilerThread0   201242 5222   !   3       org.apache.tomcat.util.net.NioEndpoint$Poller::events (266 bytes)

VM state: not at safepoint (normal execution)

VM Mutex/Monitor currently owned by a thread:  ([mutex/lock_event])
[0x000002424ab599f0] Metaspace_lock - owner thread: 0x0000024274020090
[0x000002424ab5bf00] MethodData_lock - owner thread: 0x0000024274020090

Heap address: 0x0000000704200000, size: 4030 MB, Compressed Oops mode: Zero based, Oop shift amount: 3

CDS archive(s) mapped at: [0x0000000800000000-0x0000000800c40000-0x0000000800c40000), size 12845056, SharedBaseAddress: 0x0000000800000000, ArchiveRelocationMode: 0.
Compressed class space mapped at: 0x0000000801000000-0x0000000841000000, reserved size: 1073741824
Narrow klass base: 0x0000000800000000, Narrow klass shift: 0, Narrow klass range: 0x100000000

GC Precious Log:
 CardTable entry size: 512
 Card Set container configuration: InlinePtr #cards 4 size 8 Array Of Cards #cards 8 size 32 Howl #buckets 8 coarsen threshold 3686 Howl Bitmap #cards 512 size 80 coarsen threshold 460 Card regions per heap region 1 cards per card region 4096
 CPUs: 8 total, 8 available
 Memory: 16118M
 Large Page Support: Disabled
 NUMA Support: Disabled
 Compressed Oops: Enabled (Zero based)
 Heap Region Size: 2M
 Heap Min Capacity: 8M
 Heap Initial Capacity: 252M
 Heap Max Capacity: 4030M
 Pre-touch: Disabled
 Parallel Workers: 8
 Concurrent Workers: 2
 Concurrent Refinement Workers: 8
 Periodic GC: Disabled

Heap:
 garbage-first heap   total 59392K, used 39749K [0x0000000704200000, 0x0000000800000000)
  region size 2048K, 11 young (22528K), 2 survivors (4096K)
 Metaspace       used 58567K, committed 59200K, reserved 1114112K
  class space    used 7648K, committed 7936K, reserved 1048576K

Heap Regions: E=young(eden), S=young(survivor), O=old, HS=humongous(starts), HC=humongous(continues), CS=collection set, F=free, OA=open archive, CA=closed archive, TAMS=top-at-mark-start (previous, next)
|   0|0x0000000704200000, 0x0000000704400000, 0x0000000704400000|100%| O|  |TAMS 0x0000000704400000, 0x0000000704200000| Untracked 
|   1|0x0000000704400000, 0x0000000704600000, 0x0000000704600000|100%| O|  |TAMS 0x0000000704600000, 0x0000000704400000| Untracked 
|   2|0x0000000704600000, 0x0000000704600000, 0x0000000704800000|  0%| F|  |TAMS 0x0000000704600000, 0x0000000704600000| Untracked 
|   3|0x0000000704800000, 0x0000000704a00000, 0x0000000704a00000|100%| O|  |TAMS 0x0000000704800000, 0x0000000704800000| Untracked 
|   4|0x0000000704a00000, 0x0000000704c00000, 0x0000000704c00000|100%| O|  |TAMS 0x0000000704a00000, 0x0000000704a00000| Untracked 
|   5|0x0000000704c00000, 0x0000000704e00000, 0x0000000704e00000|100%| O|  |TAMS 0x0000000704c00000, 0x0000000704c00000| Untracked 
|   6|0x0000000704e00000, 0x0000000705000000, 0x0000000705000000|100%| O|  |TAMS 0x0000000704e00000, 0x0000000704e00000| Untracked 
|   7|0x0000000705000000, 0x0000000705200000, 0x0000000705200000|100%| O|  |TAMS 0x0000000705000000, 0x0000000705000000| Untracked 
|   8|0x0000000705200000, 0x0000000705400000, 0x0000000705400000|100%| O|  |TAMS 0x0000000705200000, 0x0000000705200000| Untracked 
|   9|0x0000000705400000, 0x0000000705600000, 0x0000000705600000|100%| O|  |TAMS 0x0000000705400000, 0x0000000705400000| Untracked 
|  10|0x0000000705600000, 0x0000000705757800, 0x0000000705800000| 67%| O|  |TAMS 0x0000000705600000, 0x0000000705600000| Untracked 
|  11|0x0000000705800000, 0x0000000705800000, 0x0000000705a00000|  0%| F|  |TAMS 0x0000000705800000, 0x0000000705800000| Untracked 
|  12|0x0000000705a00000, 0x0000000705a00000, 0x0000000705c00000|  0%| F|  |TAMS 0x0000000705a00000, 0x0000000705a00000| Untracked 
|  13|0x0000000705c00000, 0x0000000705c00000, 0x0000000705e00000|  0%| F|  |TAMS 0x0000000705c00000, 0x0000000705c00000| Untracked 
|  14|0x0000000705e00000, 0x0000000705e00000, 0x0000000706000000|  0%| F|  |TAMS 0x0000000705e00000, 0x0000000705e00000| Untracked 
|  15|0x0000000706000000, 0x0000000706000000, 0x0000000706200000|  0%| F|  |TAMS 0x0000000706000000, 0x0000000706000000| Untracked 
|  16|0x0000000706200000, 0x0000000706200000, 0x0000000706400000|  0%| F|  |TAMS 0x0000000706200000, 0x0000000706200000| Untracked 
|  17|0x0000000706400000, 0x0000000706579d78, 0x0000000706600000| 73%| S|CS|TAMS 0x0000000706400000, 0x0000000706400000| Complete 
|  18|0x0000000706600000, 0x0000000706800000, 0x0000000706800000|100%| S|CS|TAMS 0x0000000706600000, 0x0000000706600000| Complete 
|  19|0x0000000706800000, 0x0000000706800000, 0x0000000706a00000|  0%| F|  |TAMS 0x0000000706800000, 0x0000000706800000| Untracked 
|  20|0x0000000706a00000, 0x0000000706c00000, 0x0000000706c00000|100%| E|  |TAMS 0x0000000706a00000, 0x0000000706a00000| Complete 
|  21|0x0000000706c00000, 0x0000000706e00000, 0x0000000706e00000|100%| E|CS|TAMS 0x0000000706c00000, 0x0000000706c00000| Complete 
|  22|0x0000000706e00000, 0x0000000707000000, 0x0000000707000000|100%| E|CS|TAMS 0x0000000706e00000, 0x0000000706e00000| Complete 
|  23|0x0000000707000000, 0x0000000707200000, 0x0000000707200000|100%| E|CS|TAMS 0x0000000707000000, 0x0000000707000000| Complete 
|  24|0x0000000707200000, 0x0000000707400000, 0x0000000707400000|100%| E|CS|TAMS 0x0000000707200000, 0x0000000707200000| Complete 
|  99|0x0000000710800000, 0x0000000710a00000, 0x0000000710a00000|100%| E|CS|TAMS 0x0000000710800000, 0x0000000710800000| Complete 
| 100|0x0000000710a00000, 0x0000000710c00000, 0x0000000710c00000|100%| E|CS|TAMS 0x0000000710a00000, 0x0000000710a00000| Complete 
| 101|0x0000000710c00000, 0x0000000710e00000, 0x0000000710e00000|100%| E|CS|TAMS 0x0000000710c00000, 0x0000000710c00000| Complete 
| 125|0x0000000713c00000, 0x0000000713e00000, 0x0000000713e00000|100%| E|CS|TAMS 0x0000000713c00000, 0x0000000713c00000| Complete 

Card table byte_map: [0x00000242644e0000,0x0000024264cc0000] _byte_map_base: 0x0000024260cbf000

Marking Bits (Prev, Next): (CMBitMap*) 0x000002424abd26b0, (CMBitMap*) 0x000002424abd26f0
 Prev Bits: [0x00000242654a0000, 0x0000024269398000)
 Next Bits: [0x00000242693a0000, 0x000002426d298000)

Polling page: 0x000002424ac20000

Metaspace:

Usage:
  Non-class:     49.73 MB used.
      Class:      7.47 MB used.
       Both:     57.20 MB used.

Virtual space:
  Non-class space:       64.00 MB reserved,      50.06 MB ( 78%) committed,  1 nodes.
      Class space:        1.00 GB reserved,       7.75 MB ( <1%) committed,  1 nodes.
             Both:        1.06 GB reserved,      57.81 MB (  5%) committed. 

Chunk freelists:
   Non-Class:  1.80 MB
       Class:  288.00 KB
        Both:  2.08 MB

MaxMetaspaceSize: unlimited
CompressedClassSpaceSize: 1.00 GB
Initial GC threshold: 21.00 MB
Current GC threshold: 58.75 MB
CDS: on
MetaspaceReclaimPolicy: balanced
 - commit_granule_bytes: 65536.
 - commit_granule_words: 8192.
 - virtual_space_node_default_size: 8388608.
 - enlarge_chunks_in_place: 1.
 - new_chunks_are_fully_committed: 0.
 - uncommit_free_chunks: 1.
 - use_allocation_guard: 0.


Internal statistics:

num_allocs_failed_limit: 6.
num_arena_births: 888.
num_arena_deaths: 0.
num_vsnodes_births: 2.
num_vsnodes_deaths: 0.
num_space_committed: 925.
num_space_uncommitted: 0.
num_chunks_returned_to_freelist: 6.
num_chunks_taken_from_freelist: 2948.
num_chunk_merges: 6.
num_chunk_splits: 2182.
num_chunks_enlarged: 1781.
num_inconsistent_stats: 0.

CodeHeap 'non-profiled nmethods': size=120000Kb used=2591Kb max_used=3002Kb free=117408Kb
 bounds [0x000002425bd50000, 0x000002425c040000, 0x0000024263280000]
CodeHeap 'profiled nmethods': size=120000Kb used=8524Kb max_used=10389Kb free=111475Kb
 bounds [0x0000024254280000, 0x0000024254cb0000, 0x000002425b7b0000]
CodeHeap 'non-nmethods': size=5760Kb used=1427Kb max_used=1473Kb free=4332Kb
 bounds [0x000002425b7b0000, 0x000002425ba20000, 0x000002425bd50000]
 total_blobs=5079 nmethods=4415 adapters=574
 compilation: enabled
              stopped_count=0, restarted_count=0
 full_count=0

Compilation events (20 events):
Event: 164.916 Thread 0x0000024274020090 nmethod 5212 0x00000242546dae10 code [0x00000242546dafa0, 0x00000242546db0d8]
Event: 164.916 Thread 0x0000024274020090 5213       3       java.util.concurrent.locks.ReentrantReadWriteLock$ReadLock::lock (9 bytes)
Event: 164.917 Thread 0x0000024274020090 nmethod 5213 0x0000024254525b90 code [0x0000024254525d40, 0x0000024254525e88]
Event: 164.918 Thread 0x0000024274020090 5214       1       org.apache.catalina.valves.ValveBase::getNext (5 bytes)
Event: 164.923 Thread 0x0000024274020090 nmethod 5214 0x000002425be41910 code [0x000002425be41aa0, 0x000002425be41b78]
Event: 171.151 Thread 0x0000024274020090 5215       3       java.util.concurrent.ScheduledThreadPoolExecutor$ScheduledFutureTask::isPeriodic (15 bytes)
Event: 171.151 Thread 0x0000024274020090 nmethod 5215 0x000002425470b810 code [0x000002425470b9a0, 0x000002425470bb18]
Event: 174.762 Thread 0x000002426f73d8d0 5216       4       jdk.internal.misc.Unsafe::putReferenceOpaque (9 bytes)
Event: 174.765 Thread 0x000002426f73d8d0 nmethod 5216 0x000002425bdd8890 code [0x000002425bdd8a00, 0x000002425bdd8b38]
Event: 175.144 Thread 0x000002426f73d8d0 5217       4       java.util.concurrent.locks.ReentrantLock::unlock (10 bytes)
Event: 175.307 Thread 0x000002426f73d8d0 nmethod 5217 0x000002425bdd8390 code [0x000002425bdd8520, 0x000002425bdd86d8]
Event: 193.154 Thread 0x0000024274020090 5218       3       java.util.concurrent.ScheduledThreadPoolExecutor$DelayedWorkQueue::add (9 bytes)
Event: 193.172 Thread 0x0000024274020090 nmethod 5218 0x0000024254823c10 code [0x0000024254823dc0, 0x0000024254824088]
Event: 193.172 Thread 0x0000024274020090 5219       3       java.util.concurrent.ScheduledThreadPoolExecutor$DelayedWorkQueue::add (6 bytes)
Event: 193.172 Thread 0x0000024274020090 nmethod 5219 0x0000024254729910 code [0x0000024254729ac0, 0x0000024254729c08]
Event: 193.172 Thread 0x0000024274020090 5220   !   3       java.util.concurrent.ScheduledThreadPoolExecutor$DelayedWorkQueue::offer (123 bytes)
Event: 193.202 Thread 0x0000024274020090 nmethod 5220 0x000002425430f090 code [0x000002425430f3a0, 0x0000024254310858]
Event: 194.149 Thread 0x0000024274020090 5221       3       java.util.concurrent.locks.ReentrantLock::lockInterruptibly (8 bytes)
Event: 194.150 Thread 0x0000024274020090 nmethod 5221 0x00000242546af910 code [0x00000242546afb20, 0x00000242546b00d8]
Event: 201.099 Thread 0x0000024274020090 5222   !   3       org.apache.tomcat.util.net.NioEndpoint$Poller::events (266 bytes)

GC Heap History (20 events):
Event: 1.072 GC heap before
{Heap before GC invocations=0 (full 0):
 garbage-first heap   total 258048K, used 20480K [0x0000000704200000, 0x0000000800000000)
  region size 2048K, 11 young (22528K), 0 survivors (0K)
 Metaspace       used 6431K, committed 6656K, reserved 1114112K
  class space    used 724K, committed 832K, reserved 1048576K
}
Event: 1.082 GC heap after
{Heap after GC invocations=1 (full 0):
 garbage-first heap   total 258048K, used 6578K [0x0000000704200000, 0x0000000800000000)
  region size 2048K, 2 young (4096K), 2 survivors (4096K)
 Metaspace       used 6431K, committed 6656K, reserved 1114112K
  class space    used 724K, committed 832K, reserved 1048576K
}
Event: 1.691 GC heap before
{Heap before GC invocations=1 (full 0):
 garbage-first heap   total 258048K, used 31154K [0x0000000704200000, 0x0000000800000000)
  region size 2048K, 15 young (30720K), 2 survivors (4096K)
 Metaspace       used 13653K, committed 13888K, reserved 1114112K
  class space    used 1575K, committed 1664K, reserved 1048576K
}
Event: 1.697 GC heap after
{Heap after GC invocations=2 (full 0):
 garbage-first heap   total 258048K, used 8502K [0x0000000704200000, 0x0000000800000000)
  region size 2048K, 2 young (4096K), 2 survivors (4096K)
 Metaspace       used 13653K, committed 13888K, reserved 1114112K
  class space    used 1575K, committed 1664K, reserved 1048576K
}
Event: 3.527 GC heap before
{Heap before GC invocations=2 (full 0):
 garbage-first heap   total 258048K, used 49462K [0x0000000704200000, 0x0000000800000000)
  region size 2048K, 24 young (49152K), 2 survivors (4096K)
 Metaspace       used 21180K, committed 21504K, reserved 1114112K
  class space    used 2523K, committed 2688K, reserved 1048576K
}
Event: 3.535 GC heap after
{Heap after GC invocations=3 (full 0):
 garbage-first heap   total 258048K, used 11599K [0x0000000704200000, 0x0000000800000000)
  region size 2048K, 3 young (6144K), 3 survivors (6144K)
 Metaspace       used 21180K, committed 21504K, reserved 1114112K
  class space    used 2523K, committed 2688K, reserved 1048576K
}
Event: 5.116 GC heap before
{Heap before GC invocations=4 (full 0):
 garbage-first heap   total 49152K, used 48463K [0x0000000704200000, 0x0000000800000000)
  region size 2048K, 21 young (43008K), 3 survivors (6144K)
 Metaspace       used 28805K, committed 29248K, reserved 1114112K
  class space    used 3520K, committed 3712K, reserved 1048576K
}
Event: 5.126 GC heap after
{Heap after GC invocations=5 (full 0):
 garbage-first heap   total 59392K, used 15417K [0x0000000704200000, 0x0000000800000000)
  region size 2048K, 5 young (10240K), 5 survivors (10240K)
 Metaspace       used 28805K, committed 29248K, reserved 1114112K
  class space    used 3520K, committed 3712K, reserved 1048576K
}
Event: 5.964 GC heap before
{Heap before GC invocations=5 (full 0):
 garbage-first heap   total 59392K, used 37945K [0x0000000704200000, 0x0000000800000000)
  region size 2048K, 17 young (34816K), 5 survivors (10240K)
 Metaspace       used 35506K, committed 35968K, reserved 1114112K
  class space    used 4437K, committed 4672K, reserved 1048576K
}
Event: 5.974 GC heap after
{Heap after GC invocations=6 (full 0):
 garbage-first heap   total 59392K, used 17265K [0x0000000704200000, 0x0000000800000000)
  region size 2048K, 2 young (4096K), 2 survivors (4096K)
 Metaspace       used 35506K, committed 35968K, reserved 1114112K
  class space    used 4437K, committed 4672K, reserved 1048576K
}
Event: 6.745 GC heap before
{Heap before GC invocations=7 (full 0):
 garbage-first heap   total 59392K, used 39793K [0x0000000704200000, 0x0000000800000000)
  region size 2048K, 13 young (26624K), 2 survivors (4096K)
 Metaspace       used 42367K, committed 42880K, reserved 1114112K
  class space    used 5446K, committed 5696K, reserved 1048576K
}
Event: 6.749 GC heap after
{Heap after GC invocations=8 (full 0):
 garbage-first heap   total 59392K, used 18948K [0x0000000704200000, 0x0000000800000000)
  region size 2048K, 2 young (4096K), 2 survivors (4096K)
 Metaspace       used 42367K, committed 42880K, reserved 1114112K
  class space    used 5446K, committed 5696K, reserved 1048576K
}
Event: 6.832 GC heap before
{Heap before GC invocations=8 (full 0):
 garbage-first heap   total 59392K, used 20996K [0x0000000704200000, 0x0000000800000000)
  region size 2048K, 3 young (6144K), 2 survivors (4096K)
 Metaspace       used 43392K, committed 43904K, reserved 1114112K
  class space    used 5563K, committed 5824K, reserved 1048576K
}
Event: 6.839 GC heap after
{Heap after GC invocations=9 (full 0):
 garbage-first heap   total 59392K, used 19065K [0x0000000704200000, 0x0000000800000000)
  region size 2048K, 1 young (2048K), 1 survivors (2048K)
 Metaspace       used 43392K, committed 43904K, reserved 1114112K
  class space    used 5563K, committed 5824K, reserved 1048576K
}
Event: 8.049 GC heap before
{Heap before GC invocations=9 (full 0):
 garbage-first heap   total 59392K, used 37497K [0x0000000704200000, 0x0000000800000000)
  region size 2048K, 11 young (22528K), 1 survivors (2048K)
 Metaspace       used 48517K, committed 49088K, reserved 1114112K
  class space    used 6338K, committed 6592K, reserved 1048576K
}
Event: 8.051 GC heap after
{Heap after GC invocations=10 (full 0):
 garbage-first heap   total 59392K, used 19962K [0x0000000704200000, 0x0000000800000000)
  region size 2048K, 1 young (2048K), 1 survivors (2048K)
 Metaspace       used 48517K, committed 49088K, reserved 1114112K
  class space    used 6338K, committed 6592K, reserved 1048576K
}
Event: 8.499 GC heap before
{Heap before GC invocations=10 (full 0):
 garbage-first heap   total 59392K, used 42490K [0x0000000704200000, 0x0000000800000000)
  region size 2048K, 12 young (24576K), 1 survivors (2048K)
 Metaspace       used 51486K, committed 52096K, reserved 1114112K
  class space    used 6724K, committed 7040K, reserved 1048576K
}
Event: 8.502 GC heap after
{Heap after GC invocations=11 (full 0):
 garbage-first heap   total 59392K, used 21315K [0x0000000704200000, 0x0000000800000000)
  region size 2048K, 2 young (4096K), 2 survivors (4096K)
 Metaspace       used 51486K, committed 52096K, reserved 1114112K
  class space    used 6724K, committed 7040K, reserved 1048576K
}
Event: 8.977 GC heap before
{Heap before GC invocations=11 (full 0):
 garbage-first heap   total 59392K, used 41795K [0x0000000704200000, 0x0000000800000000)
  region size 2048K, 12 young (24576K), 2 survivors (4096K)
 Metaspace       used 53738K, committed 54336K, reserved 1114112K
  class space    used 7016K, committed 7296K, reserved 1048576K
}
Event: 8.981 GC heap after
{Heap after GC invocations=12 (full 0):
 garbage-first heap   total 59392K, used 23365K [0x0000000704200000, 0x0000000800000000)
  region size 2048K, 2 young (4096K), 2 survivors (4096K)
 Metaspace       used 53738K, committed 54336K, reserved 1114112K
  class space    used 7016K, committed 7296K, reserved 1048576K
}

Dll operation events (14 events):
Event: 0.032 Loaded shared library C:\Program Files\Java\jdk-19\bin\java.dll
Event: 0.049 Loaded shared library C:\Program Files\Java\jdk-19\bin\jsvml.dll
Event: 0.195 Loaded shared library C:\Program Files\Java\jdk-19\bin\zip.dll
Event: 0.200 Loaded shared library C:\Program Files\Java\jdk-19\bin\instrument.dll
Event: 0.211 Loaded shared library C:\Program Files\Java\jdk-19\bin\net.dll
Event: 0.220 Loaded shared library C:\Program Files\Java\jdk-19\bin\nio.dll
Event: 0.225 Loaded shared library C:\Program Files\Java\jdk-19\bin\zip.dll
Event: 0.414 Loaded shared library C:\Program Files\JetBrains\IntelliJ IDEA Community Edition 2022.2.3\bin\breakgen64.dll
Event: 0.429 Loaded shared library C:\Program Files\Java\jdk-19\bin\extnet.dll
Event: 0.475 Loaded shared library C:\Program Files\Java\jdk-19\bin\jimage.dll
Event: 1.457 Loaded shared library C:\Program Files\Java\jdk-19\bin\verify.dll
Event: 4.576 Loaded shared library C:\Program Files\Java\jdk-19\bin\sunmscapi.dll
Event: 4.589 Loaded shared library C:\Program Files\Java\jdk-19\bin\management.dll
Event: 4.600 Loaded shared library C:\Program Files\Java\jdk-19\bin\management_ext.dll

Deoptimization events (20 events):
Event: 9.038 Thread 0x000002424ab60070 Uncommon trap: trap_request=0xffffff45 fr.pc=0x000002425c034a9c relative=0x00000000000014bc
Event: 9.038 Thread 0x000002424ab60070 Uncommon trap: reason=unstable_if action=reinterpret pc=0x000002425c034a9c method=org.springframework.core.annotation.AnnotationsScanner.processClassInheritedAnnotations(Ljava/lang/Object;Ljava/lang/Class;Lorg/springframework/core/annotation/MergedAnnotat
Event: 9.038 Thread 0x000002424ab60070 DEOPT PACKING pc=0x000002425c034a9c sp=0x0000008b81bfec80
Event: 9.038 Thread 0x000002424ab60070 DEOPT UNPACKING pc=0x000002425b81a5a3 sp=0x0000008b81bfeb78 mode 2
Event: 9.156 Thread 0x000002424ab60070 Uncommon trap: trap_request=0xffffff45 fr.pc=0x000002425bdaf580 relative=0x0000000000000060
Event: 9.156 Thread 0x000002424ab60070 Uncommon trap: reason=unstable_if action=reinterpret pc=0x000002425bdaf580 method=org.springframework.util.ConcurrentReferenceHashMap$Segment.clear()V @ 7 c2
Event: 9.156 Thread 0x000002424ab60070 DEOPT PACKING pc=0x000002425bdaf580 sp=0x0000008b81bfedb0
Event: 9.156 Thread 0x000002424ab60070 DEOPT UNPACKING pc=0x000002425b81a5a3 sp=0x0000008b81bfed40 mode 2
Event: 16.137 Thread 0x000002427635d5b0 Uncommon trap: trap_request=0xffffff45 fr.pc=0x000002425bfda6e4 relative=0x0000000000000204
Event: 16.137 Thread 0x000002427635d5b0 Uncommon trap: reason=unstable_if action=reinterpret pc=0x000002425bfda6e4 method=java.util.HashMap.getNode(Ljava/lang/Object;)Ljava/util/HashMap$Node; @ 66 c2
Event: 16.137 Thread 0x000002427635d5b0 DEOPT PACKING pc=0x000002425bfda6e4 sp=0x0000008b843fd310
Event: 16.137 Thread 0x000002427635d5b0 DEOPT UNPACKING pc=0x000002425b81a5a3 sp=0x0000008b843fd218 mode 2
Event: 16.143 Thread 0x000002427635d5b0 Uncommon trap: trap_request=0xffffffde fr.pc=0x000002425bed3b6c relative=0x000000000000038c
Event: 16.143 Thread 0x000002427635d5b0 Uncommon trap: reason=class_check action=maybe_recompile pc=0x000002425bed3b6c method=org.springframework.core.annotation.AnnotatedElementUtils.getAnnotationAttributes(Lorg/springframework/core/annotation/MergedAnnotation;ZZ)Lorg/springframework/core/anno
Event: 16.143 Thread 0x000002427635d5b0 DEOPT PACKING pc=0x000002425bed3b6c sp=0x0000008b843fceb0
Event: 16.143 Thread 0x000002427635d5b0 DEOPT UNPACKING pc=0x000002425b81a5a3 sp=0x0000008b843fcd08 mode 2
Event: 16.494 Thread 0x000002427635d5b0 Uncommon trap: trap_request=0xffffff45 fr.pc=0x000002425bda86a4 relative=0x0000000000000084
Event: 16.494 Thread 0x000002427635d5b0 Uncommon trap: reason=unstable_if action=reinterpret pc=0x000002425bda86a4 method=java.lang.CharacterDataLatin1.isWhitespace(I)Z @ 14 c2
Event: 16.494 Thread 0x000002427635d5b0 DEOPT PACKING pc=0x000002425bda86a4 sp=0x0000008b843fb1d0
Event: 16.494 Thread 0x000002427635d5b0 DEOPT UNPACKING pc=0x000002425b81a5a3 sp=0x0000008b843fb140 mode 2

Classes loaded (20 events):
Event: 15.852 Loading class sun/nio/cs/ThreadLocalCoders$2
Event: 15.852 Loading class sun/nio/cs/ThreadLocalCoders$2 done
Event: 16.576 Loading class java/time/format/DateTimeFormatterBuilder$ZoneTextPrinterParser
Event: 16.577 Loading class java/time/format/DateTimeFormatterBuilder$ZoneTextPrinterParser done
Event: 16.577 Loading class java/time/format/DateTimeFormatterBuilder$ReducedPrinterParser
Event: 16.577 Loading class java/time/format/DateTimeFormatterBuilder$ReducedPrinterParser done
Event: 16.585 Loading class java/util/OptionalLong
Event: 16.585 Loading class java/util/OptionalLong done
Event: 16.585 Loading class java/util/OptionalDouble
Event: 16.585 Loading class java/util/OptionalDouble done
Event: 16.626 Loading class java/util/stream/LongStream
Event: 16.658 Loading class java/util/stream/LongStream done
Event: 16.658 Loading class java/util/stream/DoubleStream
Event: 16.658 Loading class java/util/stream/DoubleStream done
Event: 16.681 Loading class org/w3c/dom/Node
Event: 16.682 Loading class org/w3c/dom/Node done
Event: 16.682 Loading class org/w3c/dom/Document
Event: 16.682 Loading class org/w3c/dom/Document done
Event: 162.752 Loading class sun/net/ConnectionResetException
Event: 162.807 Loading class sun/net/ConnectionResetException done

Classes unloaded (0 events):
No events

Classes redefined (0 events):
No events

Internal exceptions (20 events):
Event: 8.288 Thread 0x000002424ab60070 Exception <a 'java/lang/IncompatibleClassChangeError'{0x00000007072d3e38}: Found class java.lang.Object, but interface was expected> (0x00000007072d3e38) 
thrown [s\open\src\hotspot\share\interpreter\linkResolver.cpp, line 841]
Event: 8.295 Thread 0x000002424ab60070 Exception <a 'java/lang/NoSuchMethodError'{0x00000007073134f8}: 'void java.lang.invoke.DirectMethodHandle$Holder.invokeSpecial(java.lang.Object, java.lang.Object, java.lang.Object, java.lang.Object, java.lang.Object, java.lang.Object, java.lang.Object)'> (0x00000007073134f8) 
thrown [s\open\src\hotspot\share\interpreter\linkResolver.cpp, line 774]
Event: 8.368 Thread 0x000002424ab60070 Exception <a 'java/lang/NoSuchMethodError'{0x0000000706c1ccb0}: 'java.lang.Object java.lang.invoke.DirectMethodHandle$Holder.invokeInterface(java.lang.Object, java.lang.Object, int)'> (0x0000000706c1ccb0) 
thrown [s\open\src\hotspot\share\interpreter\linkResolver.cpp, line 774]
Event: 8.388 Thread 0x000002424ab60070 Exception <a 'java/lang/NoSuchMethodError'{0x0000000706cd7780}: 'int java.lang.invoke.DirectMethodHandle$Holder.invokeStatic(java.lang.Object, int, java.lang.Object)'> (0x0000000706cd7780) 
thrown [s\open\src\hotspot\share\interpreter\linkResolver.cpp, line 774]
Event: 8.578 Thread 0x000002424ab60070 Exception <a 'java/lang/NoSuchMethodError'{0x0000000710af3648}: 'java.lang.Object java.lang.invoke.DirectMethodHandle$Holder.newInvokeSpecial(java.lang.Object, java.lang.Object, java.lang.Object, java.lang.Object, java.lang.Object, java.lang.Object, java.lang.Object, java.lang.Object)'> (0x0000000710af3648) 
thrown [s\open\src\hotspot\share\interpreter\linkResolver.cpp, line 774]
Event: 8.709 Thread 0x000002424ab60070 Exception <a 'java/lang/IncompatibleClassChangeError'{0x000000070737ef78}: Found class java.lang.Object, but interface was expected> (0x000000070737ef78) 
thrown [s\open\src\hotspot\share\interpreter\linkResolver.cpp, line 841]
Event: 8.746 Thread 0x000002424ab60070 Exception <a 'java/lang/NoSuchMethodError'{0x0000000707189d08}: 'void java.lang.invoke.DirectMethodHandle$Holder.invokeVirtual(java.lang.Object, java.lang.Object, long)'> (0x0000000707189d08) 
thrown [s\open\src\hotspot\share\interpreter\linkResolver.cpp, line 774]
Event: 8.887 Thread 0x000002424ab60070 Exception <a 'java/lang/IncompatibleClassChangeError'{0x0000000706aad070}: Found class java.lang.Object, but interface was expected> (0x0000000706aad070) 
thrown [s\open\src\hotspot\share\interpreter\linkResolver.cpp, line 841]
Event: 8.935 Thread 0x000002424ab60070 Exception <a 'java/lang/NoSuchMethodError'{0x00000007068b5380}: 'int java.lang.invoke.DirectMethodHandle$Holder.invokeStaticInit(java.lang.Object, java.lang.Object, java.lang.Object, java.lang.Object)'> (0x00000007068b5380) 
thrown [s\open\src\hotspot\share\interpreter\linkResolver.cpp, line 774]
Event: 8.972 Thread 0x000002424ab60070 Implicit null exception at 0x000002425be499da to 0x000002425be49be0
Event: 9.047 Thread 0x000002424ab60070 Exception <a 'java/lang/NoSuchMethodError'{0x0000000710d31830}: 'java.lang.Object java.lang.invoke.DirectMethodHandle$Holder.newInvokeSpecial(java.lang.Object, java.lang.Object, int, java.lang.Object, java.lang.Object)'> (0x0000000710d31830) 
thrown [s\open\src\hotspot\share\interpreter\linkResolver.cpp, line 774]
Event: 9.049 Thread 0x000002424ab60070 Exception <a 'java/lang/NoSuchMethodError'{0x0000000710d3cbd8}: 'java.lang.Object java.lang.invoke.DirectMethodHandle$Holder.invokeSpecial(java.lang.Object, java.lang.Object, int, java.lang.Object, int, java.lang.Object)'> (0x0000000710d3cbd8) 
thrown [s\open\src\hotspot\share\interpreter\linkResolver.cpp, line 774]
Event: 9.049 Thread 0x000002424ab60070 Exception <a 'java/lang/NoSuchMethodError'{0x0000000710d44930}: 'java.lang.Object java.lang.invoke.DirectMethodHandle$Holder.newInvokeSpecial(java.lang.Object, java.lang.Object, int, java.lang.Object, int)'> (0x0000000710d44930) 
thrown [s\open\src\hotspot\share\interpreter\linkResolver.cpp, line 774]
Event: 9.049 Thread 0x000002424ab60070 Exception <a 'java/lang/NoSuchMethodError'{0x0000000710d48a48}: 'java.lang.Object java.lang.invoke.DirectMethodHandle$Holder.invokeSpecial(java.lang.Object, java.lang.Object, java.lang.Object, int, java.lang.Object, int)'> (0x0000000710d48a48) 
thrown [s\open\src\hotspot\share\interpreter\linkResolver.cpp, line 774]
Event: 15.844 Thread 0x000002427635f040 Exception <a 'java/lang/NoSuchMethodError'{0x000000071091ee90}: 'java.lang.Object java.lang.invoke.DirectMethodHandle$Holder.invokeSpecial(java.lang.Object, java.lang.Object, java.lang.Object, java.lang.Object, java.lang.Object, long)'> (0x000000071091ee90) 
thrown [s\open\src\hotspot\share\interpreter\linkResolver.cpp, line 774]
Event: 15.844 Thread 0x000002427635f040 Exception <a 'java/lang/NoSuchMethodError'{0x00000007109228e0}: 'java.lang.Object java.lang.invoke.Invokers$Holder.linkToTargetMethod(java.lang.Object, java.lang.Object, java.lang.Object, long, java.lang.Object)'> (0x00000007109228e0) 
thrown [s\open\src\hotspot\share\interpreter\linkResolver.cpp, line 774]
Event: 16.301 Thread 0x000002427635d5b0 Exception <a 'java/lang/NoSuchMethodError'{0x0000000706e222b8}: 'java.lang.Object java.lang.invoke.DirectMethodHandle$Holder.invokeInterface(java.lang.Object, java.lang.Object, java.lang.Object, java.lang.Object)'> (0x0000000706e222b8) 
thrown [s\open\src\hotspot\share\interpreter\linkResolver.cpp, line 774]
Event: 16.457 Thread 0x000002427635d5b0 Exception <a 'java/lang/IncompatibleClassChangeError'{0x0000000706c8a480}: Found class java.lang.Object, but interface was expected> (0x0000000706c8a480) 
thrown [s\open\src\hotspot\share\interpreter\linkResolver.cpp, line 841]
Event: 16.523 Thread 0x000002427635d5b0 Exception <a 'java/lang/NoSuchMethodError'{0x0000000706d57f78}: 'void java.lang.invoke.Invokers$Holder.invokeExact_MT(java.lang.Object, java.lang.Object, int, java.lang.Object)'> (0x0000000706d57f78) 
thrown [s\open\src\hotspot\share\interpreter\linkResolver.cpp, line 774]
Event: 162.812 Thread 0x00000242745003a0 Exception <a 'sun/net/ConnectionResetException'{0x0000000706be6400}: Connection reset> (0x0000000706be6400) 
thrown [s\open\src\hotspot\share\prims\jni.cpp, line 536]

VM Operations (20 events):
Event: 15.886 Executing VM operation: HandshakeAllThreads
Event: 15.886 Executing VM operation: HandshakeAllThreads done
Event: 15.886 Executing VM operation: Cleanup
Event: 15.886 Executing VM operation: Cleanup done
Event: 16.569 Executing VM operation: HandshakeAllThreads
Event: 16.569 Executing VM operation: HandshakeAllThreads done
Event: 16.664 Executing VM operation: HandshakeAllThreads
Event: 16.665 Executing VM operation: HandshakeAllThreads done
Event: 17.669 Executing VM operation: Cleanup
Event: 17.669 Executing VM operation: Cleanup done
Event: 47.850 Executing VM operation: Cleanup
Event: 47.850 Executing VM operation: Cleanup done
Event: 68.013 Executing VM operation: Cleanup
Event: 68.013 Executing VM operation: Cleanup done
Event: 73.056 Executing VM operation: Cleanup
Event: 73.056 Executing VM operation: Cleanup done
Event: 78.092 Executing VM operation: Cleanup
Event: 78.092 Executing VM operation: Cleanup done
Event: 165.782 Executing VM operation: Cleanup
Event: 165.782 Executing VM operation: Cleanup done

Events (20 events):
Event: 8.985 Thread 0x0000024274028600 flushing nmethod 0x0000024254c2ee10
Event: 9.015 Thread 0x000002427519caa0 Thread added: 0x000002427519caa0
Event: 9.065 Thread 0x000002427635f040 Thread added: 0x000002427635f040
Event: 9.065 Thread 0x000002427635cb10 Thread added: 0x000002427635cb10
Event: 9.065 Thread 0x000002427635f590 Thread added: 0x000002427635f590
Event: 9.065 Thread 0x000002427635d5b0 Thread added: 0x000002427635d5b0
Event: 9.065 Thread 0x000002427635db00 Thread added: 0x000002427635db00
Event: 9.065 Thread 0x000002427635fae0 Thread added: 0x000002427635fae0
Event: 9.065 Thread 0x000002427635e050 Thread added: 0x000002427635e050
Event: 9.066 Thread 0x000002427635e5a0 Thread added: 0x000002427635e5a0
Event: 9.066 Thread 0x000002427635eaf0 Thread added: 0x000002427635eaf0
Event: 9.066 Thread 0x00000242763a4340 Thread added: 0x00000242763a4340
Event: 9.138 Thread 0x00000242763a7310 Thread added: 0x00000242763a7310
Event: 9.140 Thread 0x00000242763a8da0 Thread added: 0x00000242763a8da0
Event: 9.163 Thread 0x000002424ab60070 Thread exited: 0x000002424ab60070
Event: 9.163 Thread 0x00000242763a5330 Thread added: 0x00000242763a5330
Event: 11.413 Thread 0x0000024276360030 Thread exited: 0x0000024276360030
Event: 14.393 Thread 0x000002427519caa0 Thread exited: 0x000002427519caa0
Event: 15.806 Thread 0x0000024277eb2670 Thread exited: 0x0000024277eb2670
Event: 162.832 Thread 0x00000242745003a0 Thread exited: 0x00000242745003a0


Dynamic libraries:
0x00007ff676900000 - 0x00007ff676910000 	C:\Program Files\Java\jdk-19\bin\java.exe
0x00007ff84a3a0000 - 0x00007ff84a5a9000 	C:\WINDOWS\SYSTEM32\ntdll.dll
0x00007ff849150000 - 0x00007ff84920d000 	C:\WINDOWS\System32\KERNEL32.dll
0x00007ff847430000 - 0x00007ff847531000 	C:\Windows\system32\hmpalert.dll
0x00007ff847c10000 - 0x00007ff847f8b000 	C:\WINDOWS\System32\KERNELBASE.dll
0x00007ff847a80000 - 0x00007ff847b91000 	C:\WINDOWS\System32\ucrtbase.dll
0x00007ff83b300000 - 0x00007ff83b31b000 	C:\Program Files\Java\jdk-19\bin\VCRUNTIME140.dll
0x00007ff83af10000 - 0x00007ff83af28000 	C:\Program Files\Java\jdk-19\bin\jli.dll
0x00007ff849ed0000 - 0x00007ff849f7e000 	C:\WINDOWS\System32\ADVAPI32.dll
0x00007ff848b80000 - 0x00007ff848c23000 	C:\WINDOWS\System32\msvcrt.dll
0x00007ff8493a0000 - 0x00007ff84943e000 	C:\WINDOWS\System32\sechost.dll
0x00007ff849210000 - 0x00007ff849330000 	C:\WINDOWS\System32\RPCRT4.dll
0x00007ff848220000 - 0x00007ff8483cd000 	C:\WINDOWS\System32\USER32.dll
0x00007ff8480d0000 - 0x00007ff8480f6000 	C:\WINDOWS\System32\win32u.dll
0x00007ff849330000 - 0x00007ff849359000 	C:\WINDOWS\System32\GDI32.dll
0x00007ff848100000 - 0x00007ff848218000 	C:\WINDOWS\System32\gdi32full.dll
0x00007ff8479e0000 - 0x00007ff847a7d000 	C:\WINDOWS\System32\msvcp_win.dll
0x00007ff831100000 - 0x00007ff8313a5000 	C:\WINDOWS\WinSxS\amd64_microsoft.windows.common-controls_6595b64144ccf1df_6.0.22000.120_none_9d947278b86cc467\COMCTL32.dll
0x00007ff83e8e0000 - 0x00007ff83e8ea000 	C:\WINDOWS\SYSTEM32\VERSION.dll
0x00007ff849360000 - 0x00007ff849391000 	C:\WINDOWS\System32\IMM32.DLL
0x00007ff83b740000 - 0x00007ff83b74c000 	C:\Program Files\Java\jdk-19\bin\vcruntime140_1.dll
0x00007ff832000000 - 0x00007ff83208e000 	C:\Program Files\Java\jdk-19\bin\msvcp140.dll
0x00007fffe64c0000 - 0x00007fffe7180000 	C:\Program Files\Java\jdk-19\bin\server\jvm.dll
0x00007ff83f4a0000 - 0x00007ff83f4d3000 	C:\WINDOWS\SYSTEM32\WINMM.dll
0x00007ff826840000 - 0x00007ff826849000 	C:\WINDOWS\SYSTEM32\WSOCK32.dll
0x00007ff849e60000 - 0x00007ff849ecf000 	C:\WINDOWS\System32\WS2_32.dll
0x00007ff8467c0000 - 0x00007ff8467d8000 	C:\WINDOWS\SYSTEM32\kernel.appcore.dll
0x00007ff83b2f0000 - 0x00007ff83b2fa000 	C:\Program Files\Java\jdk-19\bin\jimage.dll
0x00007ff8450b0000 - 0x00007ff8452d1000 	C:\WINDOWS\SYSTEM32\DBGHELP.DLL
0x00007ff82c8a0000 - 0x00007ff82c8d1000 	C:\WINDOWS\SYSTEM32\dbgcore.DLL
0x00007ff848050000 - 0x00007ff8480cf000 	C:\WINDOWS\System32\bcryptPrimitives.dll
0x00007ff83f980000 - 0x00007ff83f98e000 	C:\Program Files\Java\jdk-19\bin\instrument.dll
0x00007ff83aeb0000 - 0x00007ff83aed6000 	C:\Program Files\Java\jdk-19\bin\java.dll
0x00007ff801620000 - 0x00007ff8016f7000 	C:\Program Files\Java\jdk-19\bin\jsvml.dll
0x00007ff849440000 - 0x00007ff849bf8000 	C:\WINDOWS\System32\SHELL32.dll
0x00007ff845780000 - 0x00007ff845fe5000 	C:\WINDOWS\SYSTEM32\windows.storage.dll
0x00007ff849fe0000 - 0x00007ff84a357000 	C:\WINDOWS\System32\combase.dll
0x00007ff8455d0000 - 0x00007ff845736000 	C:\WINDOWS\SYSTEM32\wintypes.dll
0x00007ff848fa0000 - 0x00007ff84908a000 	C:\WINDOWS\System32\SHCORE.dll
0x00007ff849d20000 - 0x00007ff849d7d000 	C:\WINDOWS\System32\shlwapi.dll
0x00007ff8477a0000 - 0x00007ff8477c1000 	C:\WINDOWS\SYSTEM32\profapi.dll
0x00007ff83a1f0000 - 0x00007ff83a208000 	C:\Program Files\Java\jdk-19\bin\zip.dll
0x00007ff83a760000 - 0x00007ff83a773000 	C:\Program Files\Java\jdk-19\bin\net.dll
0x00007ff8467e0000 - 0x00007ff8468ec000 	C:\WINDOWS\SYSTEM32\WINHTTP.dll
0x00007ff846d70000 - 0x00007ff846dd7000 	C:\WINDOWS\system32\mswsock.dll
0x00007ff83a300000 - 0x00007ff83a316000 	C:\Program Files\Java\jdk-19\bin\nio.dll
0x00007ff83a700000 - 0x00007ff83a71a000 	C:\Program Files\JetBrains\IntelliJ IDEA Community Edition 2022.2.3\bin\breakgen64.dll
0x00007ff83a9f0000 - 0x00007ff83a9f8000 	C:\Program Files\Java\jdk-19\bin\extnet.dll
0x00007ff83a390000 - 0x00007ff83a3a0000 	C:\Program Files\Java\jdk-19\bin\verify.dll
0x00007ff846fb0000 - 0x00007ff846fc8000 	C:\WINDOWS\SYSTEM32\CRYPTSP.dll
0x00007ff846720000 - 0x00007ff846755000 	C:\WINDOWS\system32\rsaenh.dll
0x00007ff846e60000 - 0x00007ff846e89000 	C:\WINDOWS\SYSTEM32\USERENV.dll
0x00007ff847140000 - 0x00007ff847167000 	C:\WINDOWS\SYSTEM32\bcrypt.dll
0x00007ff846fd0000 - 0x00007ff846fdc000 	C:\WINDOWS\SYSTEM32\CRYPTBASE.dll
0x00007ff846270000 - 0x00007ff84629d000 	C:\WINDOWS\SYSTEM32\IPHLPAPI.DLL
0x00007ff849d10000 - 0x00007ff849d19000 	C:\WINDOWS\System32\NSI.dll
0x00007ff840740000 - 0x00007ff840759000 	C:\WINDOWS\SYSTEM32\dhcpcsvc6.DLL
0x00007ff8406e0000 - 0x00007ff8406fe000 	C:\WINDOWS\SYSTEM32\dhcpcsvc.DLL
0x00007ff8462a0000 - 0x00007ff846388000 	C:\WINDOWS\SYSTEM32\DNSAPI.dll
0x00007ff839c70000 - 0x00007ff839c7e000 	C:\Program Files\Java\jdk-19\bin\sunmscapi.dll
0x00007ff847870000 - 0x00007ff8479d2000 	C:\WINDOWS\System32\CRYPT32.dll
0x00007ff847110000 - 0x00007ff847138000 	C:\WINDOWS\SYSTEM32\ncrypt.dll
0x00007ff8470d0000 - 0x00007ff847107000 	C:\WINDOWS\SYSTEM32\NTASN1.dll
0x00007ff83f970000 - 0x00007ff83f97a000 	C:\Program Files\Java\jdk-19\bin\management.dll
0x00007ff83f2c0000 - 0x00007ff83f2cb000 	C:\Program Files\Java\jdk-19\bin\management_ext.dll
0x00007ff848c40000 - 0x00007ff848c48000 	C:\WINDOWS\System32\PSAPI.DLL
0x00007ff83e350000 - 0x00007ff83e35a000 	C:\Windows\System32\rasadhlp.dll
0x00007ff8407f0000 - 0x00007ff840871000 	C:\WINDOWS\System32\fwpuclnt.dll
0x00007fffde820000 - 0x00007fffde828000 	C:\WINDOWS\system32\wshunix.dll

dbghelp: loaded successfully - version: 4.0.5 - missing functions: none
symbol engine: initialized successfully - sym options: 0x614 - pdb path: .;C:\Program Files\Java\jdk-19\bin;C:\WINDOWS\SYSTEM32;C:\WINDOWS\WinSxS\amd64_microsoft.windows.common-controls_6595b64144ccf1df_6.0.22000.120_none_9d947278b86cc467;C:\Program Files\Java\jdk-19\bin\server;C:\Program Files\JetBrains\IntelliJ IDEA Community Edition 2022.2.3\bin

VM Arguments:
jvm_args: -javaagent:C:\Program Files\JetBrains\IntelliJ IDEA Community Edition 2022.2.3\lib\idea_rt.jar=60091:C:\Program Files\JetBrains\IntelliJ IDEA Community Edition 2022.2.3\bin -Dfile.encoding=UTF-8 -Dsun.stdout.encoding=UTF-8 -Dsun.stderr.encoding=UTF-8 
java_command: com.example.DealerDashboard.DealerDashboardApplication
java_class_path (initial): C:\Users\Priya\Downloads\DealerDashboard\DealerDashboard\target\classes;C:\Users\Priya\.m2\repository\org\springframework\boot\spring-boot-starter-data-jpa\3.0.6\spring-boot-starter-data-jpa-3.0.6.jar;C:\Users\Priya\.m2\repository\org\springframework\boot\spring-boot-starter-aop\3.0.6\spring-boot-starter-aop-3.0.6.jar;C:\Users\Priya\.m2\repository\org\springframework\spring-aop\6.0.8\spring-aop-6.0.8.jar;C:\Users\Priya\.m2\repository\org\aspectj\aspectjweaver\1.9.19\aspectjweaver-1.9.19.jar;C:\Users\Priya\.m2\repository\org\springframework\boot\spring-boot-starter-jdbc\3.0.6\spring-boot-starter-jdbc-3.0.6.jar;C:\Users\Priya\.m2\repository\com\zaxxer\HikariCP\5.0.1\HikariCP-5.0.1.jar;C:\Users\Priya\.m2\repository\org\springframework\spring-jdbc\6.0.8\spring-jdbc-6.0.8.jar;C:\Users\Priya\.m2\repository\org\hibernate\orm\hibernate-core\6.1.7.Final\hibernate-core-6.1.7.Final.jar;C:\Users\Priya\.m2\repository\jakarta\persistence\jakarta.persistence-api\3.1.0\jakarta.persistence-api-3.1.0.jar;C:\Users\Priya\.m2\repository\jakarta\transaction\jakarta.transaction-api\2.0.1\jakarta.transaction-api-2.0.1.jar;C:\Users\Priya\.m2\repository\org\jboss\logging\jboss-logging\3.5.0.Final\jboss-logging-3.5.0.Final.jar;C:\Users\Priya\.m2\repository\org\hibernate\common\hibernate-commons-annotations\6.0.6.Final\hibernate-commons-annotations-6.0.6.Final.jar;C:\Users\Priya\.m2\repository\org\jboss\jandex\2.4.2.Final\jandex-2.4.2.Final.jar;C:\Users\Priya\.m2\repository\com\fasterxml\classmate\1.5.1\classmate-1.5.1.jar;C:\Users\Priya\.m2\repository\net\bytebuddy\byte-buddy\1.12.23\byte-buddy-1.12.23.jar;C:\Users\Priya\.m2\repository\org\glassfish\jaxb\jaxb-runtime\4.0.2\jaxb-runtime-4.0.2.jar;C:\Users\Priya\.m2\repository\org\glassfish\jaxb\jaxb-core\4.0.2\jaxb-core-4.0.2.jar;C:\Users\Priya\.m2\repository\org\eclipse\angus\angus-activation\2.0.0\angus-activation-2.0.0.jar;C:\Users\Priya\.m2\repository\org\glassfish\jaxb\txw2\4.0.2\txw2-4.0.2.jar;C:\Users\Priya\.m2\repository\com\sun\istack\istack-commons-runtime\4.1.1\istack-commons-runtime-4.1.1.jar;C:\Users\Priya\.m2\repository\jakarta\inject\jakarta.inject-api\2.0.0\jakarta.inject-api-2.0.0.jar;C:\Users\Priya\.m2\repository\org\antlr\antlr4-runtime\4.10.1\antlr4-runtime-4.10.1.jar;C:\Users\Priya\.m2\repository\org\springframework\data\spring-data-jpa\3.0.5\spring-data-jpa-3.0.5.jar;C:\Users\Priya\.m2\repository\org\springframework\data\spring-data-commons\3.0.5\spring-data-commons-3.0.5.jar;C:\Users\Priya\.m2\repository\org\springframework\spring-orm\6.0.8\spring-orm-6.0.8.jar;C:\Users\Priya\.m2\repository\org\springframework\spring-context\6.0.8\spring-context-6.0.8.jar;C:\Users\Priya\.m2\repository\org\springframework\spring-tx\6.0.8\spring-tx-6.0.8.jar;C:\Users\Priya\.m2\repository\org\springframework\spring-beans\6.0.8\spring-beans-6.0.8.jar;C:\Users\Priya\.m2\repository\jakarta\annotation\jakarta.annotation-api\2.1.1\jakarta.annotation-api-2.1.1.jar;C:\Users\Priya\.m2\repository\org\slf4j\slf4j-api\2.0.7\slf4j-api-2.0.7.jar;C:\Users\Priya\.m2\repository\org\springframework\spring-aspects\6.0.8\spring-aspects-6.0.8.jar;C:\Users\Priya\.m2\repository\org\springframework\boot\spring-boot-starter-web\3.0.6\spring-boot-starter-web-3.0.6.jar;C:\Users\Priya\.m2\repository\org\springframework\boot\spring-boot-starter\3.0.6\spring-boot-starter-3.0.6.jar;C:\Users\Priya\.m2\repository\org\springframework\boot\spring-boot\3.0.6\spring-boot-3.0.6.jar;C:\Users\Priya\.m2\repository\org\springframework\boot\spring-boot-autoconfigure\3.0.6\spring-boot-autoconfigure-3.0.6.jar;C:\Users\Priya\.m2\repository\org\springframework\boot\spring-boot-starter-logging\3.0.6\spring-boot-starter-logging-3.0.6.jar;C:\Users\Priya\.m2\repository\ch\qos\logback\logback-classic\1.4.7\logback-classic-1.4.7.jar;C:\Users\Priya\.m2\repository\ch\qos\logback\logback-core\1.4.7\logback-core-1.4.7.jar;C:\Users\Priya\.m2\repository\org\apache\logging\log4j\log4j-to-slf4j\2.19.0\log4j-to-slf4j-2.19.0.jar;C:\Users\Priya\.m2\repository\org\apache\logging\log4j\log4j-api\2.19.0\log4j-api-2.19.0.jar;C:\Users\Priya\.m2\repository\org\slf4j\jul-to-slf4j\2.0.7\jul-to-slf4j-2.0.7.jar;C:\Users\Priya\.m2\repository\org\yaml\snakeyaml\1.33\snakeyaml-1.33.jar;C:\Users\Priya\.m2\repository\org\springframework\boot\spring-boot-starter-json\3.0.6\spring-boot-starter-json-3.0.6.jar;C:\Users\Priya\.m2\repository\com\fasterxml\jackson\core\jackson-databind\2.14.2\jackson-databind-2.14.2.jar;C:\Users\Priya\.m2\repository\com\fasterxml\jackson\core\jackson-annotations\2.14.2\jackson-annotations-2.14.2.jar;C:\Users\Priya\.m2\repository\com\fasterxml\jackson\core\jackson-core\2.14.2\jackson-core-2.14.2.jar;C:\Users\Priya\.m2\repository\com\fasterxml\jackson\datatype\jackson-datatype-jdk8\2.14.2\jackson-datatype-jdk8-2.14.2.jar;C:\Users\Priya\.m2\repository\com\fasterxml\jackson\datatype\jackson-datatype-jsr310\2.14.2\jackson-datatype-jsr310-2.14.2.jar;C:\Users\Priya\.m2\repository\com\fasterxml\jackson\module\jackson-module-parameter-names\2.14.2\jackson-module-parameter-names-2.14.2.jar;C:\Users\Priya\.m2\repository\org\springframework\boot\spring-boot-starter-tomcat\3.0.6\spring-boot-starter-tomcat-3.0.6.jar;C:\Users\Priya\.m2\repository\org\apache\tomcat\embed\tomcat-embed-core\10.1.8\tomcat-embed-core-10.1.8.jar;C:\Users\Priya\.m2\repository\org\apache\tomcat\embed\tomcat-embed-el\10.1.8\tomcat-embed-el-10.1.8.jar;C:\Users\Priya\.m2\repository\org\apache\tomcat\embed\tomcat-embed-websocket\10.1.8\tomcat-embed-websocket-10.1.8.jar;C:\Users\Priya\.m2\repository\org\springframework\spring-web\6.0.8\spring-web-6.0.8.jar;C:\Users\Priya\.m2\repository\io\micrometer\micrometer-observation\1.10.6\micrometer-observation-1.10.6.jar;C:\Users\Priya\.m2\repository\io\micrometer\micrometer-commons\1.10.6\micrometer-commons-1.10.6.jar;C:\Users\Priya\.m2\repository\org\springframework\spring-webmvc\6.0.8\spring-webmvc-6.0.8.jar;C:\Users\Priya\.m2\repository\org\springframework\spring-expression\6.0.8\spring-expression-6.0.8.jar;C:\Users\Priya\.m2\repository\com\mysql\mysql-connector-j\8.0.33\mysql-connector-j-8.0.33.jar;C:\Users\Priya\.m2\repository\jakarta\xml\bind\jakarta.xml.bind-api\4.0.0\jakarta.xml.bind-api-4.0.0.jar;C:\Users\Priya\.m2\repository\jakarta\activation\jakarta.activation-api\2.1.1\jakarta.activation-api-2.1.1.jar;C:\Users\Priya\.m2\repository\org\springframework\spring-core\6.0.8\spring-core-6.0.8.jar;C:\Users\Priya\.m2\repository\org\springframework\spring-jcl\6.0.8\spring-jcl-6.0.8.jar
Launcher Type: SUN_STANDARD

[Global flags]
     bool UseCompressedOops                        = true                           {product lp64_product} {ergonomic}
     bool UseCompressedClassPointers               = true                           {product lp64_product} {ergonomic}
     bool UseLargePagesIndividualAllocation        = false                                  {pd product} {ergonomic}
     intx CICompilerCount                          = 4                                         {product} {ergonomic}
   size_t MinHeapDeltaBytes                        = 2097152                                   {product} {ergonomic}
     bool SegmentedCodeCache                       = true                                      {product} {ergonomic}
    uintx ReservedCodeCacheSize                    = 251658240                              {pd product} {ergonomic}
    uintx NonProfiledCodeHeapSize                  = 122909434                              {pd product} {ergonomic}
    uintx ProfiledCodeHeapSize                     = 122909434                              {pd product} {ergonomic}
    uintx NonNMethodCodeHeapSize                   = 5839372                                {pd product} {ergonomic}
   size_t G1HeapRegionSize                         = 2097152                                   {product} {ergonomic}
     uint G1ConcRefinementThreads                  = 8                                         {product} {ergonomic}
     bool UseG1GC                                  = true                                      {product} {ergonomic}
     uint ConcGCThreads                            = 2                                         {product} {ergonomic}
   size_t MarkStackSize                            = 4194304                                   {product} {ergonomic}
   size_t MinHeapSize                              = 8388608                                   {product} {ergonomic}
   size_t InitialHeapSize                          = 264241152                                 {product} {ergonomic}
   size_t MaxHeapSize                              = 4225761280                                {product} {ergonomic}
   size_t SoftMaxHeapSize                          = 4225761280                             {manageable} {ergonomic}
   size_t MaxNewSize                               = 2535456768                                {product} {ergonomic}
    uintx GCDrainStackTargetSize                   = 64                                        {product} {ergonomic}

Logging:
Log output configuration:
 #0: stdout all=warning uptime,level,tags foldmultilines=false
 #1: stderr all=off uptime,level,tags foldmultilines=false

Environment Variables:
PATH=C:\Program Files\Common Files\Oracle\Java\javapath;C:\WINDOWS\system32;C:\WINDOWS;C:\WINDOWS\System32\Wbem;C:\WINDOWS\System32\WindowsPowerShell\v1.0\;C:\WINDOWS\System32\OpenSSH\;C:\Program Files\dotnet\;C:\Program Files\TortoiseSVN\bin;C:\Program Files\Git\cmd;C:\Program Files\nodejs\;C:\Users\Priya\AppData\Local\Microsoft\WindowsApps;C:\Users\Priya\AppData\Local\Programs\Microsoft VS Code\bin;C:\Program Files\JetBrains\IntelliJ IDEA Community Edition 2022.2.3\bin;;C:\Users\Priya\AppData\Roaming\npm
USERNAME=Priya
OS=Windows_NT
PROCESSOR_IDENTIFIER=Intel64 Family 6 Model 140 Stepping 1, GenuineIntel
TMP=C:\Users\Priya\AppData\Local\Temp
TEMP=C:\Users\Priya\AppData\Local\Temp



---------------  S Y S T E M  ---------------

OS:
 Windows 11 , 64 bit Build 22000 (10.0.22000.708)
OS uptime: 33 days 19:54 hours

CPU: total 8 (initial active 8) (4 cores per cpu, 2 threads per core) family 6 model 140 stepping 1 microcode 0xa4, cx8, cmov, fxsr, ht, mmx, 3dnowpref, sse, sse2, sse3, ssse3, sse4.1, sse4.2, popcnt, lzcnt, tsc, tscinvbit, avx, avx2, aes, erms, clmul, bmi1, bmi2, adx, avx512f, avx512dq, avx512cd, avx512bw, avx512vl, sha, fma, vzeroupper, avx512_vpopcntdq, avx512_vpclmulqdq, avx512_vaes, avx512_vnni, clflush, clflushopt, clwb, avx512_vbmi2, avx512_vbmi, rdtscp, rdpid, fsrm, gfni, avx512_bitalg

Memory: 4k page, system-wide physical 16118M (603M free)
TotalPageFile size 41802M (AvailPageFile size 0M)
current process WorkingSet (physical memory assigned to process): 43M, peak: 235M
current process commit charge ("private bytes"): 243M, peak: 396M

vm_info: Java HotSpot(TM) 64-Bit Server VM (19+36-2238) for windows-amd64 JRE (19+36-2238), built on 2022-08-12T20:29:01Z by "mach5one" with MS VC++ 17.1 (VS2022)

END.
